<?xml version="1.0" encoding="UTF-8"?>
<!-- Generated by org.testng.reporters.JUnitReportReporter -->
<testsuite hostname="Sivanesh" failures="0" tests="2" name="hybrid_apps.demo_2" time="40.424" errors="0" timestamp="2022-12-07T14:36:56 IST" skipped="1">
  <testcase classname="hybrid_apps.demo_2" name="positive_case" time="40.424"/>
  <system-out/>
  <testcase classname="hybrid_apps.demo_2" name="negative_case">
    <skipped/>
  </testcase> <!-- negative_case -->
  <system-out/>
</testsuite> <!-- hybrid_apps.demo_2 -->
