<?xml version="1.0" encoding="UTF-8"?>
<!-- Generated by org.testng.reporters.JUnitReportReporter -->
<testsuite hostname="Sivanesh" failures="0" tests="22" name="native_apps.demo_1" time="448.709" errors="0" timestamp="2022-12-06T23:33:46 IST" skipped="11">
  <testcase classname="native_apps.demo_1" name="Graphics" time="83.709"/>
  <system-out/>
  <testcase classname="native_apps.demo_1" name="transition3d" time="15.121"/>
  <system-out/>
  <testcase classname="native_apps.demo_1" name="interpolators" time="48.573"/>
  <system-out/>
  <testcase classname="native_apps.demo_1" name="push_shake" time="45.510"/>
  <system-out/>
  <testcase classname="native_apps.demo_1" name="chromatic" time="23.614"/>
  <system-out/>
  <testcase classname="native_apps.demo_1" name="controls" time="43.538"/>
  <system-out/>
  <testcase classname="native_apps.demo_1" name="darktheme" time="37.970"/>
  <system-out/>
  <testcase classname="native_apps.demo_1" name="hololight" time="38.026"/>
  <system-out/>
  <testcase classname="native_apps.demo_1" name="holodark" time="38.117"/>
  <system-out/>
  <testcase classname="native_apps.demo_1" name="customtheme" time="36.622"/>
  <system-out/>
  <testcase classname="native_apps.demo_1" name="holo_jold" time="37.909"/>
  <system-out/>
  <testcase classname="native_apps.demo_1" name="app">
    <skipped/>
  </testcase> <!-- app -->
  <system-out/>
  <testcase classname="native_apps.demo_1" name="scroll_action">
    <skipped/>
  </testcase> <!-- scroll_action -->
  <system-out/>
  <testcase classname="native_apps.demo_1" name="open_notification">
    <skipped/>
  </testcase> <!-- open_notification -->
  <system-out/>
  <testcase classname="native_apps.demo_1" name="animation">
    <skipped/>
  </testcase> <!-- animation -->
  <system-out/>
  <testcase classname="native_apps.demo_1" name="keyboard_act">
    <skipped/>
  </testcase> <!-- keyboard_act -->
  <system-out/>
  <testcase classname="native_apps.demo_1" name="media">
    <skipped/>
  </testcase> <!-- media -->
  <system-out/>
  <testcase classname="native_apps.demo_1" name="actions_tap_longpress">
    <skipped/>
  </testcase> <!-- actions_tap_longpress -->
  <system-out/>
  <testcase classname="native_apps.demo_1" name="switchapp">
    <skipped/>
  </testcase> <!-- switchapp -->
  <system-out/>
  <testcase classname="native_apps.demo_1" name="drag_drop">
    <skipped/>
  </testcase> <!-- drag_drop -->
  <system-out/>
  <testcase classname="native_apps.demo_1" name="preferences">
    <skipped/>
  </testcase> <!-- preferences -->
  <system-out/>
  <testcase classname="native_apps.demo_1" name="swipe_action">
    <skipped/>
  </testcase> <!-- swipe_action -->
  <system-out/>
</testsuite> <!-- native_apps.demo_1 -->
